<?xml version="1.0" encoding="UTF-8"?>
<!-- Generated by org.testng.reporters.JUnitReportReporter -->
<testsuite hostname="LAPTOP-BP4NP67Q" failures="0" tests="1" name="com.nikhil.maven1.MavenDemo1" time="0.012" errors="0" timestamp="2022-12-12T14:22:51 IST" skipped="0">
  <testcase classname="com.nikhil.maven1.MavenDemo1" name="m1" time="0.012"/>
  <system-out/>
</testsuite> <!-- com.nikhil.maven1.MavenDemo1 -->
